#
# There is insufficient memory for the Java Runtime Environment to continue.
# Cannot create GC thread. Out of system resources.
# Possible reasons:
#   The system is out of physical RAM or swap space
#   In 32 bit mode, the process size limit was hit
# Possible solutions:
#   Reduce memory load on the system
#   Increase physical memory or swap space
#   Check if swap backing store is full
#   Use 64 bit Java on a 64 bit OS
#   Decrease Java heap size (-Xmx/-Xms)
#   Decrease number of Java threads
#   Decrease Java thread stack sizes (-Xss)
#   Set larger code cache with -XX:ReservedCodeCacheSize=
# This output file may be truncated or incomplete.
#
#  Out of Memory Error (gcTaskThread.cpp:48), pid=29944, tid=0x00007ff17eb28700
#
# JRE version:  (8.0_101-b13) (build )
# Java VM: Java HotSpot(TM) 64-Bit Server VM (25.101-b13 mixed mode linux-amd64 compressed oops)
# Failed to write core dump. Core dumps have been disabled. To enable core dumping, try "ulimit -c unlimited" before starting Java again
#

---------------  T H R E A D  ---------------

Current thread (0x00000000015b9800):  JavaThread "Unknown thread" [_thread_in_vm, id=29944, stack(0x00007ffc321f4000,0x00007ffc322f4000)]

Stack: [0x00007ffc321f4000,0x00007ffc322f4000],  sp=0x00007ffc322ed7e0,  free space=997k
Native frames: (J=compiled Java code, j=interpreted, Vv=VM code, C=native code)
V  [libjvm.so+0xac3f0a]  VMError::report_and_die()+0x2ba
V  [libjvm.so+0x4fbf9b]  report_vm_out_of_memory(char const*, int, unsigned long, VMErrorType, char const*)+0x8b
V  [libjvm.so+0x5d674f]  GCTaskThread::GCTaskThread(GCTaskManager*, unsigned int, unsigned int)+0x15f
V  [libjvm.so+0x5d550b]  GCTaskManager::initialize()+0x3ab
V  [libjvm.so+0x9457fd]  ParallelScavengeHeap::initialize()+0x34d
V  [libjvm.so+0xa8c753]  Universe::initialize_heap()+0xf3
V  [libjvm.so+0xa8c99e]  universe_init()+0x3e
V  [libjvm.so+0x63bdf5]  init_globals()+0x65
V  [libjvm.so+0xa70bfe]  Threads::create_vm(JavaVMInitArgs*, bool*)+0x23e
V  [libjvm.so+0x6d08f4]  JNI_CreateJavaVM+0x74
C  [libjli.so+0x745e]  JavaMain+0x9e
C  [libjli.so+0xb223]  ContinueInNewThread0+0x63
C  [libjli.so+0x697a]  ContinueInNewThread+0x7a
C  [libjli.so+0x99f8]  JLI_Launch+0x798
C  [java+0x696]  JLI_Launch@@SUNWprivate_1.1+0x696
C  [libc.so.6+0x20830]  __libc_start_main+0xf0


---------------  P R O C E S S  ---------------

Java Threads: ( => current thread )

Other Threads:

=>0x00000000015b9800 (exited) JavaThread "Unknown thread" [_thread_in_vm, id=29944, stack(0x00007ffc321f4000,0x00007ffc322f4000)]

VM state:not at safepoint (not fully initialized)

VM Mutex/Monitor currently owned by a thread: None

GC Heap History (0 events):
No events

Deoptimization events (0 events):
No events

Internal exceptions (0 events):
No events

Events (0 events):
No events


Dynamic libraries:
00400000-00401000 r-xp 00000000 08:07 7079747                            /media/Extra/jdk1.8.0_101/bin/java
00600000-00601000 rw-p 00000000 08:07 7079747                            /media/Extra/jdk1.8.0_101/bin/java
015ae000-015f0000 rw-p 00000000 00:00 0                                  [heap]
85400000-8a700000 rw-p 00000000 00:00 0 
8a700000-d7180000 ---p 00000000 00:00 0 
d7180000-d9a80000 rw-p 00000000 00:00 0 
d9a80000-100000000 ---p 00000000 00:00 0 
7ff16bee0000-7ff16c191000 rw-p 00000000 00:00 0 
7ff16c191000-7ff16c3f6000 ---p 00000000 00:00 0 
7ff16c3f6000-7ff16c420000 rw-p 00000000 00:00 0 
7ff16c420000-7ff16c684000 ---p 00000000 00:00 0 
7ff16c684000-7ff16c69a000 rw-p 00000000 00:00 0 
7ff16c69a000-7ff16c7cc000 ---p 00000000 00:00 0 
7ff16c7cc000-7ff16c7d7000 rw-p 00000000 00:00 0 
7ff16c7d7000-7ff16cb8d000 ---p 00000000 00:00 0 
7ff16cb8d000-7ff16cdfd000 rwxp 00000000 00:00 0 
7ff16cdfd000-7ff17bb8d000 ---p 00000000 00:00 0 
7ff17bb8d000-7ff17bba7000 r-xp 00000000 08:07 7079549                    /media/Extra/jdk1.8.0_101/jre/lib/amd64/libzip.so
7ff17bba7000-7ff17bda7000 ---p 0001a000 08:07 7079549                    /media/Extra/jdk1.8.0_101/jre/lib/amd64/libzip.so
7ff17bda7000-7ff17bda8000 rw-p 0001a000 08:07 7079549                    /media/Extra/jdk1.8.0_101/jre/lib/amd64/libzip.so
7ff17bda8000-7ff17bdb3000 r-xp 00000000 08:02 1051969                    /lib/x86_64-linux-gnu/libnss_files-2.23.so
7ff17bdb3000-7ff17bfb2000 ---p 0000b000 08:02 1051969                    /lib/x86_64-linux-gnu/libnss_files-2.23.so
7ff17bfb2000-7ff17bfb3000 r--p 0000a000 08:02 1051969                    /lib/x86_64-linux-gnu/libnss_files-2.23.so
7ff17bfb3000-7ff17bfb4000 rw-p 0000b000 08:02 1051969                    /lib/x86_64-linux-gnu/libnss_files-2.23.so
7ff17bfb4000-7ff17bfba000 rw-p 00000000 00:00 0 
7ff17bfba000-7ff17bfc5000 r-xp 00000000 08:02 1051979                    /lib/x86_64-linux-gnu/libnss_nis-2.23.so
7ff17bfc5000-7ff17c1c4000 ---p 0000b000 08:02 1051979                    /lib/x86_64-linux-gnu/libnss_nis-2.23.so
7ff17c1c4000-7ff17c1c5000 r--p 0000a000 08:02 1051979                    /lib/x86_64-linux-gnu/libnss_nis-2.23.so
7ff17c1c5000-7ff17c1c6000 rw-p 0000b000 08:02 1051979                    /lib/x86_64-linux-gnu/libnss_nis-2.23.so
7ff17c1c6000-7ff17c1dc000 r-xp 00000000 08:02 1051963                    /lib/x86_64-linux-gnu/libnsl-2.23.so
7ff17c1dc000-7ff17c3db000 ---p 00016000 08:02 1051963                    /lib/x86_64-linux-gnu/libnsl-2.23.so
7ff17c3db000-7ff17c3dc000 r--p 00015000 08:02 1051963                    /lib/x86_64-linux-gnu/libnsl-2.23.so
7ff17c3dc000-7ff17c3dd000 rw-p 00016000 08:02 1051963                    /lib/x86_64-linux-gnu/libnsl-2.23.so
7ff17c3dd000-7ff17c3df000 rw-p 00000000 00:00 0 
7ff17c3df000-7ff17c3e7000 r-xp 00000000 08:02 1051965                    /lib/x86_64-linux-gnu/libnss_compat-2.23.so
7ff17c3e7000-7ff17c5e6000 ---p 00008000 08:02 1051965                    /lib/x86_64-linux-gnu/libnss_compat-2.23.so
7ff17c5e6000-7ff17c5e7000 r--p 00007000 08:02 1051965                    /lib/x86_64-linux-gnu/libnss_compat-2.23.so
7ff17c5e7000-7ff17c5e8000 rw-p 00008000 08:02 1051965                    /lib/x86_64-linux-gnu/libnss_compat-2.23.so
7ff17c5e8000-7ff17c612000 r-xp 00000000 08:07 7079525                    /media/Extra/jdk1.8.0_101/jre/lib/amd64/libjava.so
7ff17c612000-7ff17c812000 ---p 0002a000 08:07 7079525                    /media/Extra/jdk1.8.0_101/jre/lib/amd64/libjava.so
7ff17c812000-7ff17c814000 rw-p 0002a000 08:07 7079525                    /media/Extra/jdk1.8.0_101/jre/lib/amd64/libjava.so
7ff17c814000-7ff17c821000 r-xp 00000000 08:07 7079490                    /media/Extra/jdk1.8.0_101/jre/lib/amd64/libverify.so
7ff17c821000-7ff17ca21000 ---p 0000d000 08:07 7079490                    /media/Extra/jdk1.8.0_101/jre/lib/amd64/libverify.so
7ff17ca21000-7ff17ca23000 rw-p 0000d000 08:07 7079490                    /media/Extra/jdk1.8.0_101/jre/lib/amd64/libverify.so
7ff17ca23000-7ff17ca2a000 r-xp 00000000 08:02 1052024                    /lib/x86_64-linux-gnu/librt-2.23.so
7ff17ca2a000-7ff17cc29000 ---p 00007000 08:02 1052024                    /lib/x86_64-linux-gnu/librt-2.23.so
7ff17cc29000-7ff17cc2a000 r--p 00006000 08:02 1052024                    /lib/x86_64-linux-gnu/librt-2.23.so
7ff17cc2a000-7ff17cc2b000 rw-p 00007000 08:02 1052024                    /lib/x86_64-linux-gnu/librt-2.23.so
7ff17cc2b000-7ff17cd33000 r-xp 00000000 08:02 1051940                    /lib/x86_64-linux-gnu/libm-2.23.so
7ff17cd33000-7ff17cf32000 ---p 00108000 08:02 1051940                    /lib/x86_64-linux-gnu/libm-2.23.so
7ff17cf32000-7ff17cf33000 r--p 00107000 08:02 1051940                    /lib/x86_64-linux-gnu/libm-2.23.so
7ff17cf33000-7ff17cf34000 rw-p 00108000 08:02 1051940                    /lib/x86_64-linux-gnu/libm-2.23.so
7ff17cf34000-7ff17dbff000 r-xp 00000000 08:07 7079407                    /media/Extra/jdk1.8.0_101/jre/lib/amd64/server/libjvm.so
7ff17dbff000-7ff17ddfe000 ---p 00ccb000 08:07 7079407                    /media/Extra/jdk1.8.0_101/jre/lib/amd64/server/libjvm.so
7ff17ddfe000-7ff17ded7000 rw-p 00cca000 08:07 7079407                    /media/Extra/jdk1.8.0_101/jre/lib/amd64/server/libjvm.so
7ff17ded7000-7ff17df22000 rw-p 00000000 00:00 0 
7ff17df22000-7ff17e0e2000 r-xp 00000000 08:02 1051870                    /lib/x86_64-linux-gnu/libc-2.23.so
7ff17e0e2000-7ff17e2e1000 ---p 001c0000 08:02 1051870                    /lib/x86_64-linux-gnu/libc-2.23.so
7ff17e2e1000-7ff17e2e5000 r--p 001bf000 08:02 1051870                    /lib/x86_64-linux-gnu/libc-2.23.so
7ff17e2e5000-7ff17e2e7000 rw-p 001c3000 08:02 1051870                    /lib/x86_64-linux-gnu/libc-2.23.so
7ff17e2e7000-7ff17e2eb000 rw-p 00000000 00:00 0 
7ff17e2eb000-7ff17e2ee000 r-xp 00000000 08:02 1051894                    /lib/x86_64-linux-gnu/libdl-2.23.so
7ff17e2ee000-7ff17e4ed000 ---p 00003000 08:02 1051894                    /lib/x86_64-linux-gnu/libdl-2.23.so
7ff17e4ed000-7ff17e4ee000 r--p 00002000 08:02 1051894                    /lib/x86_64-linux-gnu/libdl-2.23.so
7ff17e4ee000-7ff17e4ef000 rw-p 00003000 08:02 1051894                    /lib/x86_64-linux-gnu/libdl-2.23.so
7ff17e4ef000-7ff17e504000 r-xp 00000000 08:07 7079558                    /media/Extra/jdk1.8.0_101/lib/amd64/jli/libjli.so
7ff17e504000-7ff17e704000 ---p 00015000 08:07 7079558                    /media/Extra/jdk1.8.0_101/lib/amd64/jli/libjli.so
7ff17e704000-7ff17e705000 rw-p 00015000 08:07 7079558                    /media/Extra/jdk1.8.0_101/lib/amd64/jli/libjli.so
7ff17e705000-7ff17e71d000 r-xp 00000000 08:02 1052016                    /lib/x86_64-linux-gnu/libpthread-2.23.so
7ff17e71d000-7ff17e91c000 ---p 00018000 08:02 1052016                    /lib/x86_64-linux-gnu/libpthread-2.23.so
7ff17e91c000-7ff17e91d000 r--p 00017000 08:02 1052016                    /lib/x86_64-linux-gnu/libpthread-2.23.so
7ff17e91d000-7ff17e91e000 rw-p 00018000 08:02 1052016                    /lib/x86_64-linux-gnu/libpthread-2.23.so
7ff17e91e000-7ff17e922000 rw-p 00000000 00:00 0 
7ff17e922000-7ff17e948000 r-xp 00000000 08:02 1051842                    /lib/x86_64-linux-gnu/ld-2.23.so
7ff17ea26000-7ff17ea27000 ---p 00000000 00:00 0 
7ff17ea27000-7ff17eb2b000 rw-p 00000000 00:00 0 
7ff17eb3b000-7ff17eb43000 rw-s 00000000 08:02 1718805                    /tmp/hsperfdata_pubudurw/29944
7ff17eb43000-7ff17eb44000 rw-p 00000000 00:00 0 
7ff17eb44000-7ff17eb45000 r--p 00000000 00:00 0 
7ff17eb45000-7ff17eb47000 rw-p 00000000 00:00 0 
7ff17eb47000-7ff17eb48000 r--p 00025000 08:02 1051842                    /lib/x86_64-linux-gnu/ld-2.23.so
7ff17eb48000-7ff17eb49000 rw-p 00026000 08:02 1051842                    /lib/x86_64-linux-gnu/ld-2.23.so
7ff17eb49000-7ff17eb4a000 rw-p 00000000 00:00 0 
7ffc321f4000-7ffc321f7000 ---p 00000000 00:00 0 
7ffc321f8000-7ffc322f4000 rw-p 00000000 00:00 0                          [stack]
7ffc32380000-7ffc32382000 r--p 00000000 00:00 0                          [vvar]
7ffc32382000-7ffc32384000 r-xp 00000000 00:00 0                          [vdso]
ffffffffff600000-ffffffffff601000 r-xp 00000000 00:00 0                  [vsyscall]

VM Arguments:
jvm_args: -Dfile.encoding=UTF-8 
java_command: ticketreseravationsystem.TicketReseravationSystem
java_class_path (initial): /media/Academic/My_semester_7/Concurrent/Home work/TicketReseravationSystem/build/classes
Launcher Type: SUN_STANDARD

Environment Variables:
JAVA_HOME=/usr/local/java/jdk1.8.0_91
PATH=/home/pubudurw/bin:/home/pubudurw/.local/bin:/usr/local/sbin:/usr/local/bin:/usr/sbin:/usr/bin:/sbin:/bin:/usr/games:/usr/local/games:/snap/bin:/usr/local/java/jdk1.8.0_91/bin
LD_LIBRARY_PATH=/media/Extra/jdk1.8.0_101/jre/lib/amd64:/media/Extra/jdk1.8.0_101/jre/lib/i386:
SHELL=/bin/bash
DISPLAY=:0

Signal Handlers:
SIGSEGV: [libjvm.so+0xac4790], sa_mask[0]=11111111011111111101111111111110, sa_flags=SA_RESTART|SA_SIGINFO
SIGBUS: [libjvm.so+0xac4790], sa_mask[0]=11111111011111111101111111111110, sa_flags=SA_RESTART|SA_SIGINFO
SIGFPE: [libjvm.so+0x91f140], sa_mask[0]=11111111011111111101111111111110, sa_flags=SA_RESTART|SA_SIGINFO
SIGPIPE: [libjvm.so+0x91f140], sa_mask[0]=11111111011111111101111111111110, sa_flags=SA_RESTART|SA_SIGINFO
SIGXFSZ: [libjvm.so+0x91f140], sa_mask[0]=11111111011111111101111111111110, sa_flags=SA_RESTART|SA_SIGINFO
SIGILL: [libjvm.so+0x91f140], sa_mask[0]=11111111011111111101111111111110, sa_flags=SA_RESTART|SA_SIGINFO
SIGUSR1: SIG_DFL, sa_mask[0]=00000000000000000000000000000000, sa_flags=none
SIGUSR2: [libjvm.so+0x920770], sa_mask[0]=00100000000000000000000000000000, sa_flags=SA_RESTART|SA_SIGINFO
SIGHUP: SIG_DFL, sa_mask[0]=00000000000000000000000000000000, sa_flags=none
SIGINT: SIG_IGN, sa_mask[0]=00000000000000000000000000000000, sa_flags=none
SIGTERM: SIG_DFL, sa_mask[0]=00000000000000000000000000000000, sa_flags=none
SIGQUIT: SIG_DFL, sa_mask[0]=00000000000000000000000000000000, sa_flags=none


---------------  S Y S T E M  ---------------

OS:DISTRIB_ID=Ubuntu
DISTRIB_RELEASE=16.04
DISTRIB_CODENAME=xenial
DISTRIB_DESCRIPTION="Ubuntu 16.04.1 LTS"

uname:Linux 4.4.0-38-generic #57-Ubuntu SMP Tue Sep 6 15:42:33 UTC 2016 x86_64
libc:glibc 2.23 NPTL 2.23 
rlimit: STACK 8192k, CORE 0k, NPROC 31001, NOFILE 65536, AS infinity
load average:0.31 0.28 0.24

/proc/meminfo:
MemTotal:        8041192 kB
MemFree:         3369088 kB
MemAvailable:    4326132 kB
Buffers:           92504 kB
Cached:          1414828 kB
SwapCached:            0 kB
Active:          3145208 kB
Inactive:        1042732 kB
Active(anon):    2683196 kB
Inactive(anon):   362180 kB
Active(file):     462012 kB
Inactive(file):   680552 kB
Unevictable:          68 kB
Mlocked:              68 kB
SwapTotal:       8254460 kB
SwapFree:        8254460 kB
Dirty:               188 kB
Writeback:             0 kB
AnonPages:       2680988 kB
Mapped:           505612 kB
Shmem:            364788 kB
Slab:             161948 kB
SReclaimable:      73756 kB
SUnreclaim:        88192 kB
KernelStack:      199968 kB
PageTables:        65708 kB
NFS_Unstable:          0 kB
Bounce:                0 kB
WritebackTmp:          0 kB
CommitLimit:    12275056 kB
Committed_AS:   20001252 kB
VmallocTotal:   34359738367 kB
VmallocUsed:           0 kB
VmallocChunk:          0 kB
HardwareCorrupted:     0 kB
AnonHugePages:   1302528 kB
CmaTotal:              0 kB
CmaFree:               0 kB
HugePages_Total:       0
HugePages_Free:        0
HugePages_Rsvd:        0
HugePages_Surp:        0
Hugepagesize:       2048 kB
DirectMap4k:      147196 kB
DirectMap2M:     8108032 kB


CPU:total 4 (2 cores per cpu, 2 threads per core) family 6 model 58 stepping 9, cmov, cx8, fxsr, mmx, sse, sse2, sse3, ssse3, sse4.1, sse4.2, popcnt, avx, aes, clmul, erms, ht, tsc, tscinvbit, tscinv

/proc/cpuinfo:
processor	: 0
vendor_id	: GenuineIntel
cpu family	: 6
model		: 58
model name	: Intel(R) Core(TM) i5-3210M CPU @ 2.50GHz
stepping	: 9
microcode	: 0x1c
cpu MHz		: 2399.707
cache size	: 3072 KB
physical id	: 0
siblings	: 4
core id		: 0
cpu cores	: 2
apicid		: 0
initial apicid	: 0
fpu		: yes
fpu_exception	: yes
cpuid level	: 13
wp		: yes
flags		: fpu vme de pse tsc msr pae mce cx8 apic sep mtrr pge mca cmov pat pse36 clflush dts acpi mmx fxsr sse sse2 ss ht tm pbe syscall nx rdtscp lm constant_tsc arch_perfmon pebs bts rep_good nopl xtopology nonstop_tsc aperfmperf eagerfpu pni pclmulqdq dtes64 monitor ds_cpl vmx est tm2 ssse3 cx16 xtpr pdcm pcid sse4_1 sse4_2 x2apic popcnt tsc_deadline_timer aes xsave avx f16c rdrand lahf_lm epb tpr_shadow vnmi flexpriority ept vpid fsgsbase smep erms xsaveopt dtherm arat pln pts
bugs		:
bogomips	: 4988.46
clflush size	: 64
cache_alignment	: 64
address sizes	: 36 bits physical, 48 bits virtual
power management:

processor	: 1
vendor_id	: GenuineIntel
cpu family	: 6
model		: 58
model name	: Intel(R) Core(TM) i5-3210M CPU @ 2.50GHz
stepping	: 9
microcode	: 0x1c
cpu MHz		: 2399.707
cache size	: 3072 KB
physical id	: 0
siblings	: 4
core id		: 0
cpu cores	: 2
apicid		: 1
initial apicid	: 1
fpu		: yes
fpu_exception	: yes
cpuid level	: 13
wp		: yes
flags		: fpu vme de pse tsc msr pae mce cx8 apic sep mtrr pge mca cmov pat pse36 clflush dts acpi mmx fxsr sse sse2 ss ht tm pbe syscall nx rdtscp lm constant_tsc arch_perfmon pebs bts rep_good nopl xtopology nonstop_tsc aperfmperf eagerfpu pni pclmulqdq dtes64 monitor ds_cpl vmx est tm2 ssse3 cx16 xtpr pdcm pcid sse4_1 sse4_2 x2apic popcnt tsc_deadline_timer aes xsave avx f16c rdrand lahf_lm epb tpr_shadow vnmi flexpriority ept vpid fsgsbase smep erms xsaveopt dtherm arat pln pts
bugs		:
bogomips	: 4988.46
clflush size	: 64
cache_alignment	: 64
address sizes	: 36 bits physical, 48 bits virtual
power management:

processor	: 2
vendor_id	: GenuineIntel
cpu family	: 6
model		: 58
model name	: Intel(R) Core(TM) i5-3210M CPU @ 2.50GHz
stepping	: 9
microcode	: 0x1c
cpu MHz		: 2482.031
cache size	: 3072 KB
physical id	: 0
siblings	: 4
core id		: 1
cpu cores	: 2
apicid		: 2
initial apicid	: 2
fpu		: yes
fpu_exception	: yes
cpuid level	: 13
wp		: yes
flags		: fpu vme de pse tsc msr pae mce cx8 apic sep mtrr pge mca cmov pat pse36 clflush dts acpi mmx fxsr sse sse2 ss ht tm pbe syscall nx rdtscp lm constant_tsc arch_perfmon pebs bts rep_good nopl xtopology nonstop_tsc aperfmperf eagerfpu pni pclmulqdq dtes64 monitor ds_cpl vmx est tm2 ssse3 cx16 xtpr pdcm pcid sse4_1 sse4_2 x2apic popcnt tsc_deadline_timer aes xsave avx f16c rdrand lahf_lm epb tpr_shadow vnmi flexpriority ept vpid fsgsbase smep erms xsaveopt dtherm arat pln pts
bugs		:
bogomips	: 4988.46
clflush size	: 64
cache_alignment	: 64
address sizes	: 36 bits physical, 48 bits virtual
power management:

processor	: 3
vendor_id	: GenuineIntel
cpu family	: 6
model		: 58
model name	: Intel(R) Core(TM) i5-3210M CPU @ 2.50GHz
stepping	: 9
microcode	: 0x1c
cpu MHz		: 2437.597
cache size	: 3072 KB
physical id	: 0
siblings	: 4
core id		: 1
cpu cores	: 2
apicid		: 3
initial apicid	: 3
fpu		: yes
fpu_exception	: yes
cpuid level	: 13
wp		: yes
flags		: fpu vme de pse tsc msr pae mce cx8 apic sep mtrr pge mca cmov pat pse36 clflush dts acpi mmx fxsr sse sse2 ss ht tm pbe syscall nx rdtscp lm constant_tsc arch_perfmon pebs bts rep_good nopl xtopology nonstop_tsc aperfmperf eagerfpu pni pclmulqdq dtes64 monitor ds_cpl vmx est tm2 ssse3 cx16 xtpr pdcm pcid sse4_1 sse4_2 x2apic popcnt tsc_deadline_timer aes xsave avx f16c rdrand lahf_lm epb tpr_shadow vnmi flexpriority ept vpid fsgsbase smep erms xsaveopt dtherm arat pln pts
bugs		:
bogomips	: 4988.46
clflush size	: 64
cache_alignment	: 64
address sizes	: 36 bits physical, 48 bits virtual
power management:



Memory: 4k page, physical 8041192k(3369088k free), swap 8254460k(8254460k free)

vm_info: Java HotSpot(TM) 64-Bit Server VM (25.101-b13) for linux-amd64 JRE (1.8.0_101-b13), built on Jun 22 2016 02:59:44 by "java_re" with gcc 4.3.0 20080428 (Red Hat 4.3.0-8)

time: Tue Sep 27 21:51:11 2016
elapsed time: 0 seconds (0d 0h 0m 0s)

